nohup: ignoring input
2019-04-17 04:05:11.012553: I tensorflow_serving/model_servers/server.cc:82] Building single TensorFlow model file config:  model_name: fashion_model model_base_path: /tmp/1
2019-04-17 04:05:11.012720: I tensorflow_serving/model_servers/server_core.cc:461] Adding/updating models.
2019-04-17 04:05:11.012733: I tensorflow_serving/model_servers/server_core.cc:558]  (Re-)adding model: fashion_model
2019-04-17 04:05:11.013077: W tensorflow_serving/sources/storage_path/file_system_storage_path_source.cc:268] No versions of servable fashion_model found under base path /tmp/1
2019-04-17 04:05:12.013030: W tensorflow_serving/sources/storage_path/file_system_storage_path_source.cc:268] No versions of servable fashion_model found under base path /tmp/1
2019-04-17 04:05:13.013154: W tensorflow_serving/sources/storage_path/file_system_storage_path_source.cc:268] No versions of servable fashion_model found under base path /tmp/1
2019-04-17 04:05:14.013290: W tensorflow_serving/sources/storage_path/file_system_storage_path_source.cc:268] No versions of servable fashion_model found under base path /tmp/1
2019-04-17 04:05:15.013336: W tensorflow_serving/sources/storage_path/file_system_storage_path_source.cc:268] No versions of servable fashion_model found under base path /tmp/1
2019-04-17 04:05:16.013457: W tensorflow_serving/sources/storage_path/file_system_storage_path_source.cc:268] No versions of servable fashion_model found under base path /tmp/1
2019-04-17 04:05:17.013610: W tensorflow_serving/sources/storage_path/file_system_storage_path_source.cc:268] No versions of servable fashion_model found under base path /tmp/1
2019-04-17 04:05:18.013752: W tensorflow_serving/sources/storage_path/file_system_storage_path_source.cc:268] No versions of servable fashion_model found under base path /tmp/1
2019-04-17 04:05:19.013886: W tensorflow_serving/sources/storage_path/file_system_storage_path_source.cc:268] No versions of servable fashion_model found under base path /tmp/1
2019-04-17 04:05:20.013961: W tensorflow_serving/sources/storage_path/file_system_storage_path_source.cc:268] No versions of servable fashion_model found under base path /tmp/1
2019-04-17 04:05:21.014022: W tensorflow_serving/sources/storage_path/file_system_storage_path_source.cc:268] No versions of servable fashion_model found under base path /tmp/1
2019-04-17 04:05:22.014123: W tensorflow_serving/sources/storage_path/file_system_storage_path_source.cc:268] No versions of servable fashion_model found under base path /tmp/1
2019-04-17 04:05:23.014183: W tensorflow_serving/sources/storage_path/file_system_storage_path_source.cc:268] No versions of servable fashion_model found under base path /tmp/1
2019-04-17 04:05:24.014401: W tensorflow_serving/sources/storage_path/file_system_storage_path_source.cc:268] No versions of servable fashion_model found under base path /tmp/1
2019-04-17 04:05:25.014466: W tensorflow_serving/sources/storage_path/file_system_storage_path_source.cc:268] No versions of servable fashion_model found under base path /tmp/1
2019-04-17 04:05:26.014548: W tensorflow_serving/sources/storage_path/file_system_storage_path_source.cc:268] No versions of servable fashion_model found under base path /tmp/1
2019-04-17 04:05:27.014779: W tensorflow_serving/sources/storage_path/file_system_storage_path_source.cc:268] No versions of servable fashion_model found under base path /tmp/1
2019-04-17 04:05:28.014880: W tensorflow_serving/sources/storage_path/file_system_storage_path_source.cc:268] No versions of servable fashion_model found under base path /tmp/1
2019-04-17 04:05:29.015024: W tensorflow_serving/sources/storage_path/file_system_storage_path_source.cc:268] No versions of servable fashion_model found under base path /tmp/1
2019-04-17 04:05:30.015256: W tensorflow_serving/sources/storage_path/file_system_storage_path_source.cc:268] No versions of servable fashion_model found under base path /tmp/1
2019-04-17 04:05:31.015358: W tensorflow_serving/sources/storage_path/file_system_storage_path_source.cc:268] No versions of servable fashion_model found under base path /tmp/1
2019-04-17 04:05:32.015539: W tensorflow_serving/sources/storage_path/file_system_storage_path_source.cc:268] No versions of servable fashion_model found under base path /tmp/1
2019-04-17 04:05:33.015658: W tensorflow_serving/sources/storage_path/file_system_storage_path_source.cc:268] No versions of servable fashion_model found under base path /tmp/1
2019-04-17 04:05:34.015829: W tensorflow_serving/sources/storage_path/file_system_storage_path_source.cc:268] No versions of servable fashion_model found under base path /tmp/1
2019-04-17 04:05:35.015927: W tensorflow_serving/sources/storage_path/file_system_storage_path_source.cc:268] No versions of servable fashion_model found under base path /tmp/1
2019-04-17 04:05:36.016152: W tensorflow_serving/sources/storage_path/file_system_storage_path_source.cc:268] No versions of servable fashion_model found under base path /tmp/1
2019-04-17 04:05:37.016272: W tensorflow_serving/sources/storage_path/file_system_storage_path_source.cc:268] No versions of servable fashion_model found under base path /tmp/1
2019-04-17 04:05:38.016441: W tensorflow_serving/sources/storage_path/file_system_storage_path_source.cc:268] No versions of servable fashion_model found under base path /tmp/1
2019-04-17 04:05:39.016535: W tensorflow_serving/sources/storage_path/file_system_storage_path_source.cc:268] No versions of servable fashion_model found under base path /tmp/1
2019-04-17 04:05:40.016762: W tensorflow_serving/sources/storage_path/file_system_storage_path_source.cc:268] No versions of servable fashion_model found under base path /tmp/1
2019-04-17 04:05:41.016935: W tensorflow_serving/sources/storage_path/file_system_storage_path_source.cc:268] No versions of servable fashion_model found under base path /tmp/1
2019-04-17 04:05:42.017113: W tensorflow_serving/sources/storage_path/file_system_storage_path_source.cc:268] No versions of servable fashion_model found under base path /tmp/1
2019-04-17 04:05:43.017225: W tensorflow_serving/sources/storage_path/file_system_storage_path_source.cc:268] No versions of servable fashion_model found under base path /tmp/1
2019-04-17 04:05:44.017399: W tensorflow_serving/sources/storage_path/file_system_storage_path_source.cc:268] No versions of servable fashion_model found under base path /tmp/1
2019-04-17 04:05:45.017570: W tensorflow_serving/sources/storage_path/file_system_storage_path_source.cc:268] No versions of servable fashion_model found under base path /tmp/1
2019-04-17 04:05:46.017699: W tensorflow_serving/sources/storage_path/file_system_storage_path_source.cc:268] No versions of servable fashion_model found under base path /tmp/1
2019-04-17 04:05:47.017842: W tensorflow_serving/sources/storage_path/file_system_storage_path_source.cc:268] No versions of servable fashion_model found under base path /tmp/1
2019-04-17 04:05:48.017936: W tensorflow_serving/sources/storage_path/file_system_storage_path_source.cc:268] No versions of servable fashion_model found under base path /tmp/1
2019-04-17 04:05:49.018134: W tensorflow_serving/sources/storage_path/file_system_storage_path_source.cc:268] No versions of servable fashion_model found under base path /tmp/1
2019-04-17 04:05:50.018316: W tensorflow_serving/sources/storage_path/file_system_storage_path_source.cc:268] No versions of servable fashion_model found under base path /tmp/1
2019-04-17 04:05:51.018335: W tensorflow_serving/sources/storage_path/file_system_storage_path_source.cc:268] No versions of servable fashion_model found under base path /tmp/1
2019-04-17 04:05:52.018470: W tensorflow_serving/sources/storage_path/file_system_storage_path_source.cc:268] No versions of servable fashion_model found under base path /tmp/1
2019-04-17 04:05:53.018615: W tensorflow_serving/sources/storage_path/file_system_storage_path_source.cc:268] No versions of servable fashion_model found under base path /tmp/1
2019-04-17 04:05:54.018735: W tensorflow_serving/sources/storage_path/file_system_storage_path_source.cc:268] No versions of servable fashion_model found under base path /tmp/1
2019-04-17 04:05:55.018884: W tensorflow_serving/sources/storage_path/file_system_storage_path_source.cc:268] No versions of servable fashion_model found under base path /tmp/1
2019-04-17 04:05:56.019045: W tensorflow_serving/sources/storage_path/file_system_storage_path_source.cc:268] No versions of servable fashion_model found under base path /tmp/1
2019-04-17 04:05:57.019169: W tensorflow_serving/sources/storage_path/file_system_storage_path_source.cc:268] No versions of servable fashion_model found under base path /tmp/1
2019-04-17 04:05:58.019315: W tensorflow_serving/sources/storage_path/file_system_storage_path_source.cc:268] No versions of servable fashion_model found under base path /tmp/1
2019-04-17 04:05:59.019485: W tensorflow_serving/sources/storage_path/file_system_storage_path_source.cc:268] No versions of servable fashion_model found under base path /tmp/1
2019-04-17 04:06:00.019604: W tensorflow_serving/sources/storage_path/file_system_storage_path_source.cc:268] No versions of servable fashion_model found under base path /tmp/1
2019-04-17 04:06:01.019844: W tensorflow_serving/sources/storage_path/file_system_storage_path_source.cc:268] No versions of servable fashion_model found under base path /tmp/1
2019-04-17 04:06:02.019940: W tensorflow_serving/sources/storage_path/file_system_storage_path_source.cc:268] No versions of servable fashion_model found under base path /tmp/1
2019-04-17 04:06:03.020108: W tensorflow_serving/sources/storage_path/file_system_storage_path_source.cc:268] No versions of servable fashion_model found under base path /tmp/1
2019-04-17 04:06:04.020222: W tensorflow_serving/sources/storage_path/file_system_storage_path_source.cc:268] No versions of servable fashion_model found under base path /tmp/1
2019-04-17 04:06:05.020465: W tensorflow_serving/sources/storage_path/file_system_storage_path_source.cc:268] No versions of servable fashion_model found under base path /tmp/1
2019-04-17 04:06:06.020642: W tensorflow_serving/sources/storage_path/file_system_storage_path_source.cc:268] No versions of servable fashion_model found under base path /tmp/1
2019-04-17 04:06:07.020812: W tensorflow_serving/sources/storage_path/file_system_storage_path_source.cc:268] No versions of servable fashion_model found under base path /tmp/1
2019-04-17 04:06:08.020991: W tensorflow_serving/sources/storage_path/file_system_storage_path_source.cc:268] No versions of servable fashion_model found under base path /tmp/1
2019-04-17 04:06:09.021065: W tensorflow_serving/sources/storage_path/file_system_storage_path_source.cc:268] No versions of servable fashion_model found under base path /tmp/1
2019-04-17 04:06:10.021293: W tensorflow_serving/sources/storage_path/file_system_storage_path_source.cc:268] No versions of servable fashion_model found under base path /tmp/1
2019-04-17 04:06:11.021332: W tensorflow_serving/sources/storage_path/file_system_storage_path_source.cc:268] No versions of servable fashion_model found under base path /tmp/1
2019-04-17 04:06:12.021465: W tensorflow_serving/sources/storage_path/file_system_storage_path_source.cc:268] No versions of servable fashion_model found under base path /tmp/1
2019-04-17 04:06:13.021637: W tensorflow_serving/sources/storage_path/file_system_storage_path_source.cc:268] No versions of servable fashion_model found under base path /tmp/1
2019-04-17 04:06:14.021730: W tensorflow_serving/sources/storage_path/file_system_storage_path_source.cc:268] No versions of servable fashion_model found under base path /tmp/1
2019-04-17 04:06:15.021858: W tensorflow_serving/sources/storage_path/file_system_storage_path_source.cc:268] No versions of servable fashion_model found under base path /tmp/1
2019-04-17 04:06:16.022103: W tensorflow_serving/sources/storage_path/file_system_storage_path_source.cc:268] No versions of servable fashion_model found under base path /tmp/1
2019-04-17 04:06:17.022170: W tensorflow_serving/sources/storage_path/file_system_storage_path_source.cc:268] No versions of servable fashion_model found under base path /tmp/1
2019-04-17 04:06:18.022216: W tensorflow_serving/sources/storage_path/file_system_storage_path_source.cc:268] No versions of servable fashion_model found under base path /tmp/1
2019-04-17 04:06:19.022287: W tensorflow_serving/sources/storage_path/file_system_storage_path_source.cc:268] No versions of servable fashion_model found under base path /tmp/1
2019-04-17 04:06:20.022374: W tensorflow_serving/sources/storage_path/file_system_storage_path_source.cc:268] No versions of servable fashion_model found under base path /tmp/1
2019-04-17 04:06:21.022564: W tensorflow_serving/sources/storage_path/file_system_storage_path_source.cc:268] No versions of servable fashion_model found under base path /tmp/1
2019-04-17 04:06:22.022658: W tensorflow_serving/sources/storage_path/file_system_storage_path_source.cc:268] No versions of servable fashion_model found under base path /tmp/1
2019-04-17 04:06:23.022778: W tensorflow_serving/sources/storage_path/file_system_storage_path_source.cc:268] No versions of servable fashion_model found under base path /tmp/1
2019-04-17 04:06:24.022805: W tensorflow_serving/sources/storage_path/file_system_storage_path_source.cc:268] No versions of servable fashion_model found under base path /tmp/1
2019-04-17 04:06:25.023005: W tensorflow_serving/sources/storage_path/file_system_storage_path_source.cc:268] No versions of servable fashion_model found under base path /tmp/1
2019-04-17 04:06:26.023021: W tensorflow_serving/sources/storage_path/file_system_storage_path_source.cc:268] No versions of servable fashion_model found under base path /tmp/1
2019-04-17 04:06:27.023201: W tensorflow_serving/sources/storage_path/file_system_storage_path_source.cc:268] No versions of servable fashion_model found under base path /tmp/1
2019-04-17 04:06:28.023316: W tensorflow_serving/sources/storage_path/file_system_storage_path_source.cc:268] No versions of servable fashion_model found under base path /tmp/1
2019-04-17 04:06:29.023359: W tensorflow_serving/sources/storage_path/file_system_storage_path_source.cc:268] No versions of servable fashion_model found under base path /tmp/1
2019-04-17 04:06:30.023535: W tensorflow_serving/sources/storage_path/file_system_storage_path_source.cc:268] No versions of servable fashion_model found under base path /tmp/1
2019-04-17 04:06:31.023659: W tensorflow_serving/sources/storage_path/file_system_storage_path_source.cc:268] No versions of servable fashion_model found under base path /tmp/1
2019-04-17 04:06:32.023778: W tensorflow_serving/sources/storage_path/file_system_storage_path_source.cc:268] No versions of servable fashion_model found under base path /tmp/1
2019-04-17 04:06:33.023847: W tensorflow_serving/sources/storage_path/file_system_storage_path_source.cc:268] No versions of servable fashion_model found under base path /tmp/1
2019-04-17 04:06:34.023899: W tensorflow_serving/sources/storage_path/file_system_storage_path_source.cc:268] No versions of servable fashion_model found under base path /tmp/1
2019-04-17 04:06:35.024037: W tensorflow_serving/sources/storage_path/file_system_storage_path_source.cc:268] No versions of servable fashion_model found under base path /tmp/1
2019-04-17 04:06:36.024180: W tensorflow_serving/sources/storage_path/file_system_storage_path_source.cc:268] No versions of servable fashion_model found under base path /tmp/1
2019-04-17 04:06:37.024315: W tensorflow_serving/sources/storage_path/file_system_storage_path_source.cc:268] No versions of servable fashion_model found under base path /tmp/1
2019-04-17 04:06:38.024454: W tensorflow_serving/sources/storage_path/file_system_storage_path_source.cc:268] No versions of servable fashion_model found under base path /tmp/1
2019-04-17 04:06:39.024596: W tensorflow_serving/sources/storage_path/file_system_storage_path_source.cc:268] No versions of servable fashion_model found under base path /tmp/1
2019-04-17 04:06:40.024833: W tensorflow_serving/sources/storage_path/file_system_storage_path_source.cc:268] No versions of servable fashion_model found under base path /tmp/1
2019-04-17 04:06:41.024849: W tensorflow_serving/sources/storage_path/file_system_storage_path_source.cc:268] No versions of servable fashion_model found under base path /tmp/1
2019-04-17 04:06:42.024942: W tensorflow_serving/sources/storage_path/file_system_storage_path_source.cc:268] No versions of servable fashion_model found under base path /tmp/1
2019-04-17 04:06:43.025019: W tensorflow_serving/sources/storage_path/file_system_storage_path_source.cc:268] No versions of servable fashion_model found under base path /tmp/1
2019-04-17 04:06:44.025062: W tensorflow_serving/sources/storage_path/file_system_storage_path_source.cc:268] No versions of servable fashion_model found under base path /tmp/1
2019-04-17 04:06:45.025149: W tensorflow_serving/sources/storage_path/file_system_storage_path_source.cc:268] No versions of servable fashion_model found under base path /tmp/1
2019-04-17 04:06:46.025246: W tensorflow_serving/sources/storage_path/file_system_storage_path_source.cc:268] No versions of servable fashion_model found under base path /tmp/1
2019-04-17 04:06:47.025356: W tensorflow_serving/sources/storage_path/file_system_storage_path_source.cc:268] No versions of servable fashion_model found under base path /tmp/1
2019-04-17 04:06:48.025579: W tensorflow_serving/sources/storage_path/file_system_storage_path_source.cc:268] No versions of servable fashion_model found under base path /tmp/1
2019-04-17 04:06:49.025573: W tensorflow_serving/sources/storage_path/file_system_storage_path_source.cc:268] No versions of servable fashion_model found under base path /tmp/1
2019-04-17 04:06:50.025732: W tensorflow_serving/sources/storage_path/file_system_storage_path_source.cc:268] No versions of servable fashion_model found under base path /tmp/1
2019-04-17 04:06:51.025791: W tensorflow_serving/sources/storage_path/file_system_storage_path_source.cc:268] No versions of servable fashion_model found under base path /tmp/1
2019-04-17 04:06:52.025929: W tensorflow_serving/sources/storage_path/file_system_storage_path_source.cc:268] No versions of servable fashion_model found under base path /tmp/1
2019-04-17 04:06:53.026079: W tensorflow_serving/sources/storage_path/file_system_storage_path_source.cc:268] No versions of servable fashion_model found under base path /tmp/1
2019-04-17 04:06:54.026273: W tensorflow_serving/sources/storage_path/file_system_storage_path_source.cc:268] No versions of servable fashion_model found under base path /tmp/1
2019-04-17 04:06:55.026311: W tensorflow_serving/sources/storage_path/file_system_storage_path_source.cc:268] No versions of servable fashion_model found under base path /tmp/1
2019-04-17 04:06:56.026458: W tensorflow_serving/sources/storage_path/file_system_storage_path_source.cc:268] No versions of servable fashion_model found under base path /tmp/1
2019-04-17 04:06:57.026671: W tensorflow_serving/sources/storage_path/file_system_storage_path_source.cc:268] No versions of servable fashion_model found under base path /tmp/1
2019-04-17 04:06:58.026788: W tensorflow_serving/sources/storage_path/file_system_storage_path_source.cc:268] No versions of servable fashion_model found under base path /tmp/1
2019-04-17 04:06:59.026854: W tensorflow_serving/sources/storage_path/file_system_storage_path_source.cc:268] No versions of servable fashion_model found under base path /tmp/1
2019-04-17 04:07:00.027103: W tensorflow_serving/sources/storage_path/file_system_storage_path_source.cc:268] No versions of servable fashion_model found under base path /tmp/1
2019-04-17 04:07:01.027281: W tensorflow_serving/sources/storage_path/file_system_storage_path_source.cc:268] No versions of servable fashion_model found under base path /tmp/1
2019-04-17 04:07:02.027358: W tensorflow_serving/sources/storage_path/file_system_storage_path_source.cc:268] No versions of servable fashion_model found under base path /tmp/1
2019-04-17 04:07:03.027595: W tensorflow_serving/sources/storage_path/file_system_storage_path_source.cc:268] No versions of servable fashion_model found under base path /tmp/1
2019-04-17 04:07:04.027771: W tensorflow_serving/sources/storage_path/file_system_storage_path_source.cc:268] No versions of servable fashion_model found under base path /tmp/1
2019-04-17 04:07:05.027843: W tensorflow_serving/sources/storage_path/file_system_storage_path_source.cc:268] No versions of servable fashion_model found under base path /tmp/1
2019-04-17 04:07:06.027935: W tensorflow_serving/sources/storage_path/file_system_storage_path_source.cc:268] No versions of servable fashion_model found under base path /tmp/1
2019-04-17 04:07:07.028072: W tensorflow_serving/sources/storage_path/file_system_storage_path_source.cc:268] No versions of servable fashion_model found under base path /tmp/1
2019-04-17 04:07:08.028213: W tensorflow_serving/sources/storage_path/file_system_storage_path_source.cc:268] No versions of servable fashion_model found under base path /tmp/1
2019-04-17 04:07:09.028401: W tensorflow_serving/sources/storage_path/file_system_storage_path_source.cc:268] No versions of servable fashion_model found under base path /tmp/1
2019-04-17 04:07:10.028576: W tensorflow_serving/sources/storage_path/file_system_storage_path_source.cc:268] No versions of servable fashion_model found under base path /tmp/1
2019-04-17 04:07:11.028775: W tensorflow_serving/sources/storage_path/file_system_storage_path_source.cc:268] No versions of servable fashion_model found under base path /tmp/1
2019-04-17 04:07:12.028845: W tensorflow_serving/sources/storage_path/file_system_storage_path_source.cc:268] No versions of servable fashion_model found under base path /tmp/1
2019-04-17 04:07:13.029034: W tensorflow_serving/sources/storage_path/file_system_storage_path_source.cc:268] No versions of servable fashion_model found under base path /tmp/1
2019-04-17 04:07:14.029241: W tensorflow_serving/sources/storage_path/file_system_storage_path_source.cc:268] No versions of servable fashion_model found under base path /tmp/1
2019-04-17 04:07:15.029326: W tensorflow_serving/sources/storage_path/file_system_storage_path_source.cc:268] No versions of servable fashion_model found under base path /tmp/1
2019-04-17 04:07:16.029573: W tensorflow_serving/sources/storage_path/file_system_storage_path_source.cc:268] No versions of servable fashion_model found under base path /tmp/1
2019-04-17 04:07:17.029642: W tensorflow_serving/sources/storage_path/file_system_storage_path_source.cc:268] No versions of servable fashion_model found under base path /tmp/1
2019-04-17 04:07:18.029890: W tensorflow_serving/sources/storage_path/file_system_storage_path_source.cc:268] No versions of servable fashion_model found under base path /tmp/1
2019-04-17 04:07:19.029883: W tensorflow_serving/sources/storage_path/file_system_storage_path_source.cc:268] No versions of servable fashion_model found under base path /tmp/1
2019-04-17 04:07:20.030094: W tensorflow_serving/sources/storage_path/file_system_storage_path_source.cc:268] No versions of servable fashion_model found under base path /tmp/1
2019-04-17 04:07:21.030113: W tensorflow_serving/sources/storage_path/file_system_storage_path_source.cc:268] No versions of servable fashion_model found under base path /tmp/1
2019-04-17 04:07:22.030239: W tensorflow_serving/sources/storage_path/file_system_storage_path_source.cc:268] No versions of servable fashion_model found under base path /tmp/1
2019-04-17 04:07:23.030382: W tensorflow_serving/sources/storage_path/file_system_storage_path_source.cc:268] No versions of servable fashion_model found under base path /tmp/1
2019-04-17 04:07:24.030477: W tensorflow_serving/sources/storage_path/file_system_storage_path_source.cc:268] No versions of servable fashion_model found under base path /tmp/1
2019-04-17 04:07:25.030510: W tensorflow_serving/sources/storage_path/file_system_storage_path_source.cc:268] No versions of servable fashion_model found under base path /tmp/1
2019-04-17 04:07:26.030789: W tensorflow_serving/sources/storage_path/file_system_storage_path_source.cc:268] No versions of servable fashion_model found under base path /tmp/1
2019-04-17 04:07:27.030774: W tensorflow_serving/sources/storage_path/file_system_storage_path_source.cc:268] No versions of servable fashion_model found under base path /tmp/1
2019-04-17 04:07:28.031001: W tensorflow_serving/sources/storage_path/file_system_storage_path_source.cc:268] No versions of servable fashion_model found under base path /tmp/1
2019-04-17 04:07:29.031046: W tensorflow_serving/sources/storage_path/file_system_storage_path_source.cc:268] No versions of servable fashion_model found under base path /tmp/1
2019-04-17 04:07:30.031109: W tensorflow_serving/sources/storage_path/file_system_storage_path_source.cc:268] No versions of servable fashion_model found under base path /tmp/1
2019-04-17 04:07:31.031289: W tensorflow_serving/sources/storage_path/file_system_storage_path_source.cc:268] No versions of servable fashion_model found under base path /tmp/1
2019-04-17 04:07:32.031363: W tensorflow_serving/sources/storage_path/file_system_storage_path_source.cc:268] No versions of servable fashion_model found under base path /tmp/1
2019-04-17 04:07:33.031442: W tensorflow_serving/sources/storage_path/file_system_storage_path_source.cc:268] No versions of servable fashion_model found under base path /tmp/1
2019-04-17 04:07:34.031524: W tensorflow_serving/sources/storage_path/file_system_storage_path_source.cc:268] No versions of servable fashion_model found under base path /tmp/1
2019-04-17 04:07:35.031642: W tensorflow_serving/sources/storage_path/file_system_storage_path_source.cc:268] No versions of servable fashion_model found under base path /tmp/1
2019-04-17 04:07:36.031754: W tensorflow_serving/sources/storage_path/file_system_storage_path_source.cc:268] No versions of servable fashion_model found under base path /tmp/1
2019-04-17 04:07:37.031746: W tensorflow_serving/sources/storage_path/file_system_storage_path_source.cc:268] No versions of servable fashion_model found under base path /tmp/1
2019-04-17 04:07:38.031823: W tensorflow_serving/sources/storage_path/file_system_storage_path_source.cc:268] No versions of servable fashion_model found under base path /tmp/1
2019-04-17 04:07:39.032043: W tensorflow_serving/sources/storage_path/file_system_storage_path_source.cc:268] No versions of servable fashion_model found under base path /tmp/1
2019-04-17 04:07:40.032052: W tensorflow_serving/sources/storage_path/file_system_storage_path_source.cc:268] No versions of servable fashion_model found under base path /tmp/1
2019-04-17 04:07:41.032192: W tensorflow_serving/sources/storage_path/file_system_storage_path_source.cc:268] No versions of servable fashion_model found under base path /tmp/1
2019-04-17 04:07:42.032275: W tensorflow_serving/sources/storage_path/file_system_storage_path_source.cc:268] No versions of servable fashion_model found under base path /tmp/1
2019-04-17 04:07:43.032351: W tensorflow_serving/sources/storage_path/file_system_storage_path_source.cc:268] No versions of servable fashion_model found under base path /tmp/1
2019-04-17 04:07:44.032506: W tensorflow_serving/sources/storage_path/file_system_storage_path_source.cc:268] No versions of servable fashion_model found under base path /tmp/1
2019-04-17 04:07:45.032646: W tensorflow_serving/sources/storage_path/file_system_storage_path_source.cc:268] No versions of servable fashion_model found under base path /tmp/1
2019-04-17 04:07:46.032842: W tensorflow_serving/sources/storage_path/file_system_storage_path_source.cc:268] No versions of servable fashion_model found under base path /tmp/1
2019-04-17 04:07:47.033005: W tensorflow_serving/sources/storage_path/file_system_storage_path_source.cc:268] No versions of servable fashion_model found under base path /tmp/1
2019-04-17 04:07:48.033174: W tensorflow_serving/sources/storage_path/file_system_storage_path_source.cc:268] No versions of servable fashion_model found under base path /tmp/1
2019-04-17 04:07:49.033296: W tensorflow_serving/sources/storage_path/file_system_storage_path_source.cc:268] No versions of servable fashion_model found under base path /tmp/1
2019-04-17 04:07:50.033371: W tensorflow_serving/sources/storage_path/file_system_storage_path_source.cc:268] No versions of servable fashion_model found under base path /tmp/1
2019-04-17 04:07:51.033512: W tensorflow_serving/sources/storage_path/file_system_storage_path_source.cc:268] No versions of servable fashion_model found under base path /tmp/1
2019-04-17 04:07:52.033655: W tensorflow_serving/sources/storage_path/file_system_storage_path_source.cc:268] No versions of servable fashion_model found under base path /tmp/1
2019-04-17 04:07:53.033821: W tensorflow_serving/sources/storage_path/file_system_storage_path_source.cc:268] No versions of servable fashion_model found under base path /tmp/1
2019-04-17 04:07:54.033936: W tensorflow_serving/sources/storage_path/file_system_storage_path_source.cc:268] No versions of servable fashion_model found under base path /tmp/1
2019-04-17 04:07:55.034117: W tensorflow_serving/sources/storage_path/file_system_storage_path_source.cc:268] No versions of servable fashion_model found under base path /tmp/1
2019-04-17 04:07:56.034274: W tensorflow_serving/sources/storage_path/file_system_storage_path_source.cc:268] No versions of servable fashion_model found under base path /tmp/1
2019-04-17 04:07:57.034356: W tensorflow_serving/sources/storage_path/file_system_storage_path_source.cc:268] No versions of servable fashion_model found under base path /tmp/1
2019-04-17 04:07:58.034553: W tensorflow_serving/sources/storage_path/file_system_storage_path_source.cc:268] No versions of servable fashion_model found under base path /tmp/1
2019-04-17 04:07:59.034702: W tensorflow_serving/sources/storage_path/file_system_storage_path_source.cc:268] No versions of servable fashion_model found under base path /tmp/1
2019-04-17 04:08:00.034865: W tensorflow_serving/sources/storage_path/file_system_storage_path_source.cc:268] No versions of servable fashion_model found under base path /tmp/1
2019-04-17 04:08:01.034926: W tensorflow_serving/sources/storage_path/file_system_storage_path_source.cc:268] No versions of servable fashion_model found under base path /tmp/1
2019-04-17 04:08:02.035057: W tensorflow_serving/sources/storage_path/file_system_storage_path_source.cc:268] No versions of servable fashion_model found under base path /tmp/1
2019-04-17 04:08:03.035296: W tensorflow_serving/sources/storage_path/file_system_storage_path_source.cc:268] No versions of servable fashion_model found under base path /tmp/1
2019-04-17 04:08:04.035373: W tensorflow_serving/sources/storage_path/file_system_storage_path_source.cc:268] No versions of servable fashion_model found under base path /tmp/1
2019-04-17 04:08:05.035512: W tensorflow_serving/sources/storage_path/file_system_storage_path_source.cc:268] No versions of servable fashion_model found under base path /tmp/1
2019-04-17 04:08:06.035653: W tensorflow_serving/sources/storage_path/file_system_storage_path_source.cc:268] No versions of servable fashion_model found under base path /tmp/1
2019-04-17 04:08:07.035888: W tensorflow_serving/sources/storage_path/file_system_storage_path_source.cc:268] No versions of servable fashion_model found under base path /tmp/1
2019-04-17 04:08:08.035966: W tensorflow_serving/sources/storage_path/file_system_storage_path_source.cc:268] No versions of servable fashion_model found under base path /tmp/1
2019-04-17 04:08:09.036119: W tensorflow_serving/sources/storage_path/file_system_storage_path_source.cc:268] No versions of servable fashion_model found under base path /tmp/1
2019-04-17 04:08:10.036292: W tensorflow_serving/sources/storage_path/file_system_storage_path_source.cc:268] No versions of servable fashion_model found under base path /tmp/1
2019-04-17 04:08:11.036500: W tensorflow_serving/sources/storage_path/file_system_storage_path_source.cc:268] No versions of servable fashion_model found under base path /tmp/1
2019-04-17 04:08:12.036627: W tensorflow_serving/sources/storage_path/file_system_storage_path_source.cc:268] No versions of servable fashion_model found under base path /tmp/1
2019-04-17 04:08:13.036707: W tensorflow_serving/sources/storage_path/file_system_storage_path_source.cc:268] No versions of servable fashion_model found under base path /tmp/1
2019-04-17 04:08:14.036848: W tensorflow_serving/sources/storage_path/file_system_storage_path_source.cc:268] No versions of servable fashion_model found under base path /tmp/1
2019-04-17 04:08:15.036945: W tensorflow_serving/sources/storage_path/file_system_storage_path_source.cc:268] No versions of servable fashion_model found under base path /tmp/1
2019-04-17 04:08:16.037092: W tensorflow_serving/sources/storage_path/file_system_storage_path_source.cc:268] No versions of servable fashion_model found under base path /tmp/1
2019-04-17 04:08:17.037278: W tensorflow_serving/sources/storage_path/file_system_storage_path_source.cc:268] No versions of servable fashion_model found under base path /tmp/1
2019-04-17 04:08:18.037433: W tensorflow_serving/sources/storage_path/file_system_storage_path_source.cc:268] No versions of servable fashion_model found under base path /tmp/1
2019-04-17 04:08:19.037511: W tensorflow_serving/sources/storage_path/file_system_storage_path_source.cc:268] No versions of servable fashion_model found under base path /tmp/1
2019-04-17 04:08:20.037660: W tensorflow_serving/sources/storage_path/file_system_storage_path_source.cc:268] No versions of servable fashion_model found under base path /tmp/1
2019-04-17 04:08:21.037767: W tensorflow_serving/sources/storage_path/file_system_storage_path_source.cc:268] No versions of servable fashion_model found under base path /tmp/1
2019-04-17 04:08:22.037885: W tensorflow_serving/sources/storage_path/file_system_storage_path_source.cc:268] No versions of servable fashion_model found under base path /tmp/1
2019-04-17 04:08:23.038075: W tensorflow_serving/sources/storage_path/file_system_storage_path_source.cc:268] No versions of servable fashion_model found under base path /tmp/1
2019-04-17 04:08:24.038228: W tensorflow_serving/sources/storage_path/file_system_storage_path_source.cc:268] No versions of servable fashion_model found under base path /tmp/1
2019-04-17 04:08:25.038373: W tensorflow_serving/sources/storage_path/file_system_storage_path_source.cc:268] No versions of servable fashion_model found under base path /tmp/1
